{"uuid":"b91f5741-1b84-4389-9d40-dd2e4f84c557","name":"Scenario: User is able to get a course","children":["ee6710cc-bbe5-4af6-943e-c7a79274026b"],"befores":[{"name":"com.automation.step_defs.Hooks.setUp()","status":"broken","statusDetails":{"known":false,"muted":false,"flaky":false,"message":"BEFORE is failed: chromedriver at location browserdriver/chromedriver, does not exist\nFor documentation on this error, please visit: https://www.selenium.dev/documentation/webdriver/troubleshooting/errors/driver_location/\nBuild info: version: '4.18.1', revision: 'b1d3319b48'\nSystem info: os.name: 'Mac OS X', os.arch: 'x86_64', os.version: '14.2.1', java.version: '17.0.9'\nDriver info: driver.version: Driver","trace":"org.openqa.selenium.remote.NoSuchDriverException: chromedriver at location browserdriver/chromedriver, does not exist\nFor documentation on this error, please visit: https://www.selenium.dev/documentation/webdriver/troubleshooting/errors/driver_location/\nBuild info: version: '4.18.1', revision: 'b1d3319b48'\nSystem info: os.name: 'Mac OS X', os.arch: 'x86_64', os.version: '14.2.1', java.version: '17.0.9'\nDriver info: driver.version: Driver\n\tat org.openqa.selenium.remote.service.DriverFinder.getPath(DriverFinder.java:76)\n\tat org.openqa.selenium.remote.service.DriverFinder.getPath(DriverFinder.java:33)\n\tat org.openqa.selenium.chrome.ChromeDriver.generateExecutor(ChromeDriver.java:99)\n\tat org.openqa.selenium.chrome.ChromeDriver.<init>(ChromeDriver.java:89)\n\tat org.openqa.selenium.chrome.ChromeDriver.<init>(ChromeDriver.java:84)\n\tat org.openqa.selenium.chrome.ChromeDriver.<init>(ChromeDriver.java:73)\n\tat com.automation.utilities.Driver.get(Driver.java:30)\n\tat com.automation.step_defs.Hooks.setUp(Hooks.java:20)\n"},"stage":"finished","steps":[],"attachments":[],"parameters":[],"start":1709137415567,"stop":1709137415654}],"afters":[{"name":"com.automation.step_defs.Hooks.tearDown(io.cucumber.java.Scenario)","status":"broken","statusDetails":{"known":false,"muted":false,"flaky":false,"message":"AFTER is failed: Cannot invoke \"org.openqa.selenium.TakesScreenshot.getScreenshotAs(org.openqa.selenium.OutputType)\" because \"com.automation.step_defs.Hooks.driver\" is null","trace":"java.lang.NullPointerException: Cannot invoke \"org.openqa.selenium.TakesScreenshot.getScreenshotAs(org.openqa.selenium.OutputType)\" because \"com.automation.step_defs.Hooks.driver\" is null\n\tat com.automation.step_defs.Hooks.tearDown(Hooks.java:29)\n"},"stage":"finished","steps":[],"attachments":[],"parameters":[],"start":1709137415786,"stop":1709137415792}],"links":[],"start":1709137415514,"stop":1709137415803}